<?xml version="1.0" encoding="UTF-8"?><testsuite errors="0" failures="0" name="com.virgingames.virgingamestest.VirginGamesTest" skipped="0" tests="2" time="5.64" timestamp="2022-06-16T11:25:21.802+01:00[Europe/London]"><testcase classname="com.virgingames.virgingamestest.VirginGamesTest" name="Verifying That the value of defaultGameFrequency=300000"/><testcase classname="com.virgingames.virgingamestest.VirginGamesTest" name="Verifying that 'startTime' should always be future timestamp"/></testsuite>